{
  "RSpec": {
    "coverage": {
      "/Users/adelainesuhendro/git/JBAAAM-main/app/helpers/analytics_helper.rb": {
        "lines": [
          1,
          null
        ]
      },
      "/Users/adelainesuhendro/git/JBAAAM-main/app/helpers/application_helper.rb": {
        "lines": [
          1,
          null
        ]
      },
      "/Users/adelainesuhendro/git/JBAAAM-main/app/helpers/feedbacks_helper.rb": {
        "lines": [
          1,
          null
        ]
      },
      "/Users/adelainesuhendro/git/JBAAAM-main/app/channels/application_cable/channel.rb": {
        "lines": [
          1,
          1,
          null,
          null
        ]
      },
      "/Users/adelainesuhendro/git/JBAAAM-main/app/channels/application_cable/connection.rb": {
        "lines": [
          1,
          1,
          null,
          null
        ]
      },
      "/Users/adelainesuhendro/git/JBAAAM-main/app/controllers/analytics_controller.rb": {
        "lines": [
          1,
          1,
          1,
          null,
          null,
          1,
          2,
          null,
          2,
          1,
          1,
          null,
          1,
          1,
          null,
          1,
          null,
          null,
          null,
          1,
          1,
          null,
          null,
          null,
          1,
          null,
          null,
          null,
          null,
          1,
          null,
          null,
          1,
          2,
          2,
          null,
          null,
          1,
          2,
          2,
          null,
          null,
          1,
          null,
          1,
          1,
          1,
          null,
          null,
          null,
          1,
          null,
          null,
          null,
          1,
          1,
          1,
          1,
          null,
          null,
          null,
          null,
          1,
          null,
          null,
          null,
          1,
          null,
          1,
          1,
          1,
          null,
          null,
          null,
          null,
          1,
          null,
          null,
          null,
          1,
          null,
          1,
          1,
          1,
          null,
          null,
          null,
          null,
          1,
          null,
          null,
          null,
          1,
          null,
          null,
          null,
          1,
          null,
          1,
          0,
          null,
          null,
          1,
          4,
          null,
          null,
          null,
          1,
          0,
          null,
          null,
          null
        ]
      },
      "/Users/adelainesuhendro/git/JBAAAM-main/app/controllers/application_controller.rb": {
        "lines": [
          1,
          null
        ]
      },
      "/Users/adelainesuhendro/git/JBAAAM-main/app/jobs/application_job.rb": {
        "lines": [
          1,
          null,
          null,
          null,
          null,
          null,
          null
        ]
      },
      "/Users/adelainesuhendro/git/JBAAAM-main/app/mailers/application_mailer.rb": {
        "lines": [
          1,
          1,
          1,
          null
        ]
      },
      "/Users/adelainesuhendro/git/JBAAAM-main/app/models/analytic.rb": {
        "lines": [
          1,
          1,
          1,
          1,
          1,
          1,
          1,
          1,
          null
        ]
      },
      "/Users/adelainesuhendro/git/JBAAAM-main/app/models/application_record.rb": {
        "lines": [
          1,
          1,
          null
        ]
      },
      "/Users/adelainesuhendro/git/JBAAAM-main/app/services/GoogleCloudStorageService.rb": {
        "lines": [
          null,
          1,
          null,
          1,
          1,
          2,
          2,
          null,
          null,
          1,
          1,
          1,
          null,
          null,
          null
        ]
      }
    },
    "timestamp": 1720684643
  }
}
